<html>
<head>
<title>TestNG:  WarehouseAutomationTest</title>
<link href="../testng.css" rel="stylesheet" type="text/css" />
<link href="../my-testng.css" rel="stylesheet" type="text/css" />

<style type="text/css">
.log { display: none;} 
.stack-trace { display: none;} 
</style>
<script type="text/javascript">
<!--
function flip(e) {
  current = e.style.display;
  if (current == 'block') {
    e.style.display = 'none';
    return 0;
  }
  else {
    e.style.display = 'block';
    return 1;
  }
}

function toggleBox(szDivId, elem, msg1, msg2)
{
  var res = -1;  if (document.getElementById) {
    res = flip(document.getElementById(szDivId));
  }
  else if (document.all) {
    // this is the way old msie versions work
    res = flip(document.all[szDivId]);
  }
  if(elem) {
    if(res == 0) elem.innerHTML = msg1; else elem.innerHTML = msg2;
  }

}

function toggleAllBoxes() {
  if (document.getElementsByTagName) {
    d = document.getElementsByTagName('div');
    for (i = 0; i < d.length; i++) {
      if (d[i].className == 'log') {
        flip(d[i]);
      }
    }
  }
}

// -->
</script>

</head>
<body>
<h2 align='center'>WarehouseAutomationTest</h2><table border='1' align="center">
<tr>
<td>Tests passed/Failed/Skipped:</td><td>16/2/0</td>
</tr><tr>
<td>Started on:</td><td>Sun Dec 08 16:06:48 ICT 2024</td>
</tr>
<tr><td>Total time:</td><td>497 seconds (497461 ms)</td>
</tr><tr>
<td>Included groups:</td><td></td>
</tr><tr>
<td>Excluded groups:</td><td></td>
</tr>
</table><p/>
<small><i>(Hover the method name to see the test class name)</i></small><p/>
<table width='100%' border='1' class='invocation-failed'>
<tr><td colspan='4' align='center'><b>FAILED TESTS</b></td></tr>
<tr><td><b>Test method</b></td>
<td><b>Attribute(s)</b></td>
<td width="30%"><b>Exception</b></td>
<td width="10%"><b>Time (seconds)</b></td>
<td><b>Instance</b></td>
</tr>
<tr>
<td title='selenium.com.testcases.GoodDeliveryNoteTest.createTransactionSuccessfullyTest()'><b>createTransactionSuccessfullyTest</b><br>Test class: selenium.com.testcases.GoodDeliveryNoteTest<br>Parameters: Lê Thanh Tú, 97 Man Thiện, 4, 20, 40</td>
<td><div><pre>org.openqa.selenium.NoSuchElementException: Cannot locate option with index: 4
For documentation on this error, please visit: https://www.selenium.dev/documentation/webdriver/troubleshooting/errors#no-such-element-exception
Build info: version: &apos;4.24.0&apos;, revision: &apos;748ffc9bc3&apos;
System info: os.name: &apos;Windows 11&apos;, os.arch: &apos;amd64&apos;, os.version: &apos;10.0&apos;, java.version: &apos;18.0.2.1&apos;
Driver info: driver.version: unknown
	at org.openqa.selenium.support.ui.Select.setSelectedByIndex(Select.java:303)
	at org.openqa.selenium.support.ui.Select.selectByIndex(Select.java:179)
	at selenium.com.pages.GoodDeliveryNotePage.fillTransactionForm(GoodDeliveryNotePage.java:150)
	at selenium.com.testcases.GoodDeliveryNoteTest.createTransactionSuccessfullyTest(GoodDeliveryNoteTest.java:52)
	at java.base/java.util.ArrayList.forEach(ArrayList.java:1511)
	at com.intellij.rt.testng.IDEARemoteTestNG.run(IDEARemoteTestNG.java:65)
	at com.intellij.rt.testng.RemoteTestNGStarter.main(RemoteTestNGStarter.java:105)
... Removed 22 stack frames</pre></div><a href='#' onClick='toggleBox("stack-trace657252457", this, "Click to show all stack frames", "Click to hide stack frames")'>Click to show all stack frames</a>
<div class='stack-trace' id='stack-trace657252457'><pre>org.openqa.selenium.NoSuchElementException: Cannot locate option with index: 4
For documentation on this error, please visit: https://www.selenium.dev/documentation/webdriver/troubleshooting/errors#no-such-element-exception
Build info: version: &apos;4.24.0&apos;, revision: &apos;748ffc9bc3&apos;
System info: os.name: &apos;Windows 11&apos;, os.arch: &apos;amd64&apos;, os.version: &apos;10.0&apos;, java.version: &apos;18.0.2.1&apos;
Driver info: driver.version: unknown
	at org.openqa.selenium.support.ui.Select.setSelectedByIndex(Select.java:303)
	at org.openqa.selenium.support.ui.Select.selectByIndex(Select.java:179)
	at selenium.com.pages.GoodDeliveryNotePage.fillTransactionForm(GoodDeliveryNotePage.java:150)
	at selenium.com.testcases.GoodDeliveryNoteTest.createTransactionSuccessfullyTest(GoodDeliveryNoteTest.java:52)
	at java.base/jdk.internal.reflect.DirectMethodHandleAccessor.invoke(DirectMethodHandleAccessor.java:104)
	at java.base/java.lang.reflect.Method.invoke(Method.java:577)
	at org.testng.internal.invokers.MethodInvocationHelper.invokeMethod(MethodInvocationHelper.java:141)
	at org.testng.internal.invokers.TestInvoker.invokeMethod(TestInvoker.java:686)
	at org.testng.internal.invokers.TestInvoker.invokeTestMethod(TestInvoker.java:230)
	at org.testng.internal.invokers.MethodRunner.runInSequence(MethodRunner.java:63)
	at org.testng.internal.invokers.TestInvoker$MethodInvocationAgent.invoke(TestInvoker.java:992)
	at org.testng.internal.invokers.TestInvoker.invokeTestMethods(TestInvoker.java:203)
	at org.testng.internal.invokers.TestMethodWorker.invokeTestMethods(TestMethodWorker.java:154)
	at org.testng.internal.invokers.TestMethodWorker.run(TestMethodWorker.java:134)
	at java.base/java.util.ArrayList.forEach(ArrayList.java:1511)
	at org.testng.TestRunner.privateRun(TestRunner.java:739)
	at org.testng.TestRunner.run(TestRunner.java:614)
	at org.testng.SuiteRunner.runTest(SuiteRunner.java:421)
	at org.testng.SuiteRunner.runSequentially(SuiteRunner.java:413)
	at org.testng.SuiteRunner.privateRun(SuiteRunner.java:373)
	at org.testng.SuiteRunner.run(SuiteRunner.java:312)
	at org.testng.SuiteRunnerWorker.runSuite(SuiteRunnerWorker.java:52)
	at org.testng.SuiteRunnerWorker.run(SuiteRunnerWorker.java:95)
	at org.testng.TestNG.runSuitesSequentially(TestNG.java:1274)
	at org.testng.TestNG.runSuitesLocally(TestNG.java:1208)
	at org.testng.TestNG.runSuites(TestNG.java:1112)
	at org.testng.TestNG.run(TestNG.java:1079)
	at com.intellij.rt.testng.IDEARemoteTestNG.run(IDEARemoteTestNG.java:65)
	at com.intellij.rt.testng.RemoteTestNGStarter.main(RemoteTestNGStarter.java:105)
</pre></div></td>
<td>0</td>
<td>selenium.com.testcases.GoodDeliveryNoteTest@71812481</td></tr>
<tr>
<td title='selenium.com.testcases.GoodDeliveryNoteTest.testEmptyTransactionCodeError()'><b>testEmptyTransactionCodeError</b><br>Test class: selenium.com.testcases.GoodDeliveryNoteTest</td>
<td><div><pre>org.openqa.selenium.TimeoutException: Expected condition failed: waiting for visibility of Proxy element for: DefaultElementLocator &apos;By.xpath: //p[@id=&apos;error-transaction-request&apos;]&apos; (tried for 3 second(s) with 500 milliseconds interval)
	at org.openqa.selenium.support.ui.WebDriverWait.timeoutException(WebDriverWait.java:84)
	at org.openqa.selenium.support.ui.FluentWait.until(FluentWait.java:228)
	at selenium.com.pages.GoodDeliveryNotePage.waitForTransactionRequestError(GoodDeliveryNotePage.java:277)
	at selenium.com.testcases.GoodDeliveryNoteTest.testEmptyTransactionCodeError(GoodDeliveryNoteTest.java:128)
	at java.base/java.util.ArrayList.forEach(ArrayList.java:1511)
	at com.intellij.rt.testng.IDEARemoteTestNG.run(IDEARemoteTestNG.java:65)
	at com.intellij.rt.testng.RemoteTestNGStarter.main(RemoteTestNGStarter.java:105)
Caused by: org.openqa.selenium.NoSuchElementException: no such element: Unable to locate element: {&quot;method&quot;:&quot;xpath&quot;,&quot;selector&quot;:&quot;//p[@id=&apos;error-transaction-request&apos;]&quot;}
  (Session info: chrome=131.0.6778.109)
For documentation on this error, please visit: https://www.selenium.dev/documentation/webdriver/troubleshooting/errors#no-such-element-exception
Build info: version: &apos;4.24.0&apos;, revision: &apos;748ffc9bc3&apos;
System info: os.name: &apos;Windows 11&apos;, os.arch: &apos;amd64&apos;, os.version: &apos;10.0&apos;, java.version: &apos;18.0.2.1&apos;
Driver info: org.openqa.selenium.chrome.ChromeDriver
Command: [6d1d6ad241b009e6f608cb8226f10fe3, findElement {using=xpath, value=//p[@id=&apos;error-transaction-request&apos;]}]
Capabilities {acceptInsecureCerts: false, browserName: chrome, browserVersion: 131.0.6778.109, chrome: {chromedriverVersion: 131.0.6778.87 (ce31cae94873..., userDataDir: C:\Users\thith\AppData\Loca...}, fedcm:accounts: true, goog:chromeOptions: {debuggerAddress: localhost:56853}, networkConnectionEnabled: false, pageLoadStrategy: normal, platformName: windows, proxy: Proxy(), se:cdp: ws://localhost:56853/devtoo..., se:cdpVersion: 131.0.6778.109, setWindowRect: true, strictFileInteractability: false, timeouts: {implicit: 0, pageLoad: 300000, script: 30000}, unhandledPromptBehavior: dismiss and notify, webauthn:extension:credBlob: true, webauthn:extension:largeBlob: true, webauthn:extension:minPinLength: true, webauthn:extension:prf: true, webauthn:virtualAuthenticators: true}
Session ID: 6d1d6ad241b009e6f608cb8226f10fe3
	at org.openqa.selenium.remote.ErrorCodec.decode(ErrorCodec.java:167)
	at org.openqa.selenium.remote.codec.w3c.W3CHttpResponseCodec.decode(W3CHttpResponseCodec.java:138)
	at org.openqa.selenium.remote.codec.w3c.W3CHttpResponseCodec.decode(W3CHttpResponseCodec.java:50)
	at org.openqa.selenium.remote.HttpCommandExecutor.execute(HttpCommandExecutor.java:190)
	at org.openqa.selenium.remote.service.DriverCommandExecutor.invokeExecute(DriverCommandExecutor.java:216)
	at org.openqa.selenium.remote.service.DriverCommandExecutor.execute(DriverCommandExecutor.java:174)
	at org.openqa.selenium.remote.RemoteWebDriver.execute(RemoteWebDriver.java:545)
	at org.openqa.selenium.remote.ElementLocation$ElementFinder$2.findElement(ElementLocation.java:165)
	at org.openqa.selenium.remote.ElementLocation.findElement(ElementLocation.java:59)
	at org.openqa.selenium.remote.RemoteWebDriver.findElement(RemoteWebDriver.java:368)
	at org.openqa.selenium.remote.RemoteWebDriver.findElement(RemoteWebDriver.java:362)
	at org.openqa.selenium.support.pagefactory.DefaultElementLocator.findElement(DefaultElementLocator.java:68)
	at org.openqa.selenium.support.pagefactory.internal.LocatingElementHandler.invoke(LocatingElementHandler.java:38)
	at jdk.proxy2/jdk.proxy2.$Proxy30.isDisplayed(Unknown Source)
	at org.openqa.selenium.support.ui.ExpectedConditions.elementIfVisible(ExpectedConditions.java:304)
	at org.openqa.selenium.support.ui.ExpectedConditions$10.apply(ExpectedConditions.java:290)
	at org.openqa.selenium.support.ui.ExpectedConditions$10.apply(ExpectedConditions.java:287)
	at org.openqa.selenium.support.ui.FluentWait.until(FluentWait.java:203)
	... 27 more
... Removed 25 stack frames</pre></div><a href='#' onClick='toggleBox("stack-trace71364493", this, "Click to show all stack frames", "Click to hide stack frames")'>Click to show all stack frames</a>
<div class='stack-trace' id='stack-trace71364493'><pre>org.openqa.selenium.TimeoutException: Expected condition failed: waiting for visibility of Proxy element for: DefaultElementLocator &apos;By.xpath: //p[@id=&apos;error-transaction-request&apos;]&apos; (tried for 3 second(s) with 500 milliseconds interval)
	at org.openqa.selenium.support.ui.WebDriverWait.timeoutException(WebDriverWait.java:84)
	at org.openqa.selenium.support.ui.FluentWait.until(FluentWait.java:228)
	at selenium.com.pages.GoodDeliveryNotePage.waitForTransactionRequestError(GoodDeliveryNotePage.java:277)
	at selenium.com.testcases.GoodDeliveryNoteTest.testEmptyTransactionCodeError(GoodDeliveryNoteTest.java:128)
	at java.base/jdk.internal.reflect.DirectMethodHandleAccessor.invoke(DirectMethodHandleAccessor.java:104)
	at java.base/java.lang.reflect.Method.invoke(Method.java:577)
	at org.testng.internal.invokers.MethodInvocationHelper.invokeMethod(MethodInvocationHelper.java:141)
	at org.testng.internal.invokers.TestInvoker.invokeMethod(TestInvoker.java:686)
	at org.testng.internal.invokers.TestInvoker.invokeTestMethod(TestInvoker.java:230)
	at org.testng.internal.invokers.MethodRunner.runInSequence(MethodRunner.java:63)
	at org.testng.internal.invokers.TestInvoker$MethodInvocationAgent.invoke(TestInvoker.java:992)
	at org.testng.internal.invokers.TestInvoker.invokeTestMethods(TestInvoker.java:203)
	at org.testng.internal.invokers.TestMethodWorker.invokeTestMethods(TestMethodWorker.java:154)
	at org.testng.internal.invokers.TestMethodWorker.run(TestMethodWorker.java:134)
	at java.base/java.util.ArrayList.forEach(ArrayList.java:1511)
	at org.testng.TestRunner.privateRun(TestRunner.java:739)
	at org.testng.TestRunner.run(TestRunner.java:614)
	at org.testng.SuiteRunner.runTest(SuiteRunner.java:421)
	at org.testng.SuiteRunner.runSequentially(SuiteRunner.java:413)
	at org.testng.SuiteRunner.privateRun(SuiteRunner.java:373)
	at org.testng.SuiteRunner.run(SuiteRunner.java:312)
	at org.testng.SuiteRunnerWorker.runSuite(SuiteRunnerWorker.java:52)
	at org.testng.SuiteRunnerWorker.run(SuiteRunnerWorker.java:95)
	at org.testng.TestNG.runSuitesSequentially(TestNG.java:1274)
	at org.testng.TestNG.runSuitesLocally(TestNG.java:1208)
	at org.testng.TestNG.runSuites(TestNG.java:1112)
	at org.testng.TestNG.run(TestNG.java:1079)
	at com.intellij.rt.testng.IDEARemoteTestNG.run(IDEARemoteTestNG.java:65)
	at com.intellij.rt.testng.RemoteTestNGStarter.main(RemoteTestNGStarter.java:105)
Caused by: org.openqa.selenium.NoSuchElementException: no such element: Unable to locate element: {&quot;method&quot;:&quot;xpath&quot;,&quot;selector&quot;:&quot;//p[@id=&apos;error-transaction-request&apos;]&quot;}
  (Session info: chrome=131.0.6778.109)
For documentation on this error, please visit: https://www.selenium.dev/documentation/webdriver/troubleshooting/errors#no-such-element-exception
Build info: version: &apos;4.24.0&apos;, revision: &apos;748ffc9bc3&apos;
System info: os.name: &apos;Windows 11&apos;, os.arch: &apos;amd64&apos;, os.version: &apos;10.0&apos;, java.version: &apos;18.0.2.1&apos;
Driver info: org.openqa.selenium.chrome.ChromeDriver
Command: [6d1d6ad241b009e6f608cb8226f10fe3, findElement {using=xpath, value=//p[@id=&apos;error-transaction-request&apos;]}]
Capabilities {acceptInsecureCerts: false, browserName: chrome, browserVersion: 131.0.6778.109, chrome: {chromedriverVersion: 131.0.6778.87 (ce31cae94873..., userDataDir: C:\Users\thith\AppData\Loca...}, fedcm:accounts: true, goog:chromeOptions: {debuggerAddress: localhost:56853}, networkConnectionEnabled: false, pageLoadStrategy: normal, platformName: windows, proxy: Proxy(), se:cdp: ws://localhost:56853/devtoo..., se:cdpVersion: 131.0.6778.109, setWindowRect: true, strictFileInteractability: false, timeouts: {implicit: 0, pageLoad: 300000, script: 30000}, unhandledPromptBehavior: dismiss and notify, webauthn:extension:credBlob: true, webauthn:extension:largeBlob: true, webauthn:extension:minPinLength: true, webauthn:extension:prf: true, webauthn:virtualAuthenticators: true}
Session ID: 6d1d6ad241b009e6f608cb8226f10fe3
	at java.base/jdk.internal.reflect.DirectConstructorHandleAccessor.newInstance(DirectConstructorHandleAccessor.java:67)
	at java.base/java.lang.reflect.Constructor.newInstanceWithCaller(Constructor.java:499)
	at java.base/java.lang.reflect.Constructor.newInstance(Constructor.java:483)
	at org.openqa.selenium.remote.ErrorCodec.decode(ErrorCodec.java:167)
	at org.openqa.selenium.remote.codec.w3c.W3CHttpResponseCodec.decode(W3CHttpResponseCodec.java:138)
	at org.openqa.selenium.remote.codec.w3c.W3CHttpResponseCodec.decode(W3CHttpResponseCodec.java:50)
	at org.openqa.selenium.remote.HttpCommandExecutor.execute(HttpCommandExecutor.java:190)
	at org.openqa.selenium.remote.service.DriverCommandExecutor.invokeExecute(DriverCommandExecutor.java:216)
	at org.openqa.selenium.remote.service.DriverCommandExecutor.execute(DriverCommandExecutor.java:174)
	at org.openqa.selenium.remote.RemoteWebDriver.execute(RemoteWebDriver.java:545)
	at org.openqa.selenium.remote.ElementLocation$ElementFinder$2.findElement(ElementLocation.java:165)
	at org.openqa.selenium.remote.ElementLocation.findElement(ElementLocation.java:59)
	at org.openqa.selenium.remote.RemoteWebDriver.findElement(RemoteWebDriver.java:368)
	at org.openqa.selenium.remote.RemoteWebDriver.findElement(RemoteWebDriver.java:362)
	at org.openqa.selenium.support.pagefactory.DefaultElementLocator.findElement(DefaultElementLocator.java:68)
	at org.openqa.selenium.support.pagefactory.internal.LocatingElementHandler.invoke(LocatingElementHandler.java:38)
	at jdk.proxy2/jdk.proxy2.$Proxy30.isDisplayed(Unknown Source)
	at org.openqa.selenium.support.ui.ExpectedConditions.elementIfVisible(ExpectedConditions.java:304)
	at org.openqa.selenium.support.ui.ExpectedConditions$10.apply(ExpectedConditions.java:290)
	at org.openqa.selenium.support.ui.ExpectedConditions$10.apply(ExpectedConditions.java:287)
	at org.openqa.selenium.support.ui.FluentWait.until(FluentWait.java:203)
	... 27 more
</pre></div></td>
<td>21</td>
<td>selenium.com.testcases.GoodDeliveryNoteTest@71812481</td></tr>
</table><p>
<table width='100%' border='1' class='invocation-passed'>
<tr><td colspan='4' align='center'><b>PASSED TESTS</b></td></tr>
<tr><td><b>Test method</b></td>
<td><b>Attribute(s)</b></td>
<td width="30%"><b>Exception</b></td>
<td width="10%"><b>Time (seconds)</b></td>
<td><b>Instance</b></td>
</tr>
<tr>
<td title='selenium.com.testcases.GoodDeliveryNoteTest.checkCancelCreateTransaction()'><b>checkCancelCreateTransaction</b><br>Test class: selenium.com.testcases.GoodDeliveryNoteTest</td>
<td></td>
<td>10</td>
<td>selenium.com.testcases.GoodDeliveryNoteTest@71812481</td></tr>
<tr>
<td title='selenium.com.testcases.GoodDeliveryNoteTest.testActualQuantityWithNegativeNumber()'><b>testActualQuantityWithNegativeNumber</b><br>Test class: selenium.com.testcases.GoodDeliveryNoteTest</td>
<td></td>
<td>0</td>
<td>selenium.com.testcases.GoodDeliveryNoteTest@71812481</td></tr>
<tr>
<td title='selenium.com.testcases.GoodDeliveryNoteTest.testTransactionRequestDisplay()'><b>testTransactionRequestDisplay</b><br>Test class: selenium.com.testcases.GoodDeliveryNoteTest</td>
<td></td>
<td>0</td>
<td>selenium.com.testcases.GoodDeliveryNoteTest@71812481</td></tr>
<tr>
<td title='selenium.com.testcases.GoodDeliveryNoteTest.testCancelDeleteRow()'><b>testCancelDeleteRow</b><br>Test class: selenium.com.testcases.GoodDeliveryNoteTest</td>
<td></td>
<td>10</td>
<td>selenium.com.testcases.GoodDeliveryNoteTest@71812481</td></tr>
<tr>
<td title='selenium.com.testcases.GoodDeliveryNoteTest.testTransactionRequestDefault()'><b>testTransactionRequestDefault</b><br>Test class: selenium.com.testcases.GoodDeliveryNoteTest</td>
<td></td>
<td>0</td>
<td>selenium.com.testcases.GoodDeliveryNoteTest@71812481</td></tr>
<tr>
<td title='selenium.com.testcases.GoodDeliveryNoteTest.testCheckActualQuantityIsOnlyNumericInput()'><b>testCheckActualQuantityIsOnlyNumericInput</b><br>Test class: selenium.com.testcases.GoodDeliveryNoteTest</td>
<td></td>
<td>0</td>
<td>selenium.com.testcases.GoodDeliveryNoteTest@71812481</td></tr>
<tr>
<td title='selenium.com.testcases.GoodDeliveryNoteTest.testCheckValidActualQuantity()'><b>testCheckValidActualQuantity</b><br>Test class: selenium.com.testcases.GoodDeliveryNoteTest</td>
<td></td>
<td>0</td>
<td>selenium.com.testcases.GoodDeliveryNoteTest@71812481</td></tr>
<tr>
<td title='selenium.com.testcases.GoodDeliveryNoteTest.testChangeTransactionRequest()'><b>testChangeTransactionRequest</b><br>Test class: selenium.com.testcases.GoodDeliveryNoteTest</td>
<td></td>
<td>0</td>
<td>selenium.com.testcases.GoodDeliveryNoteTest@71812481</td></tr>
<tr>
<td title='selenium.com.testcases.GoodDeliveryNoteTest.testTransactionRequestList()'><b>testTransactionRequestList</b><br>Test class: selenium.com.testcases.GoodDeliveryNoteTest</td>
<td></td>
<td>0</td>
<td>selenium.com.testcases.GoodDeliveryNoteTest@71812481</td></tr>
<tr>
<td title='selenium.com.testcases.GoodDeliveryNoteTest.testAddRow()'><b>testAddRow</b><br>Test class: selenium.com.testcases.GoodDeliveryNoteTest</td>
<td></td>
<td>0</td>
<td>selenium.com.testcases.GoodDeliveryNoteTest@71812481</td></tr>
<tr>
<td title='selenium.com.testcases.GoodDeliveryNoteTest.testNoteField()'><b>testNoteField</b><br>Test class: selenium.com.testcases.GoodDeliveryNoteTest</td>
<td></td>
<td>8</td>
<td>selenium.com.testcases.GoodDeliveryNoteTest@71812481</td></tr>
<tr>
<td title='selenium.com.testcases.GoodDeliveryNoteTest.testDeleteRow()'><b>testDeleteRow</b><br>Test class: selenium.com.testcases.GoodDeliveryNoteTest</td>
<td></td>
<td>10</td>
<td>selenium.com.testcases.GoodDeliveryNoteTest@71812481</td></tr>
<tr>
<td title='selenium.com.testcases.GoodDeliveryNoteTest.testValidAddress()'><b>testValidAddress</b><br>Test class: selenium.com.testcases.GoodDeliveryNoteTest</td>
<td></td>
<td>0</td>
<td>selenium.com.testcases.GoodDeliveryNoteTest@71812481</td></tr>
<tr>
<td title='selenium.com.testcases.GoodDeliveryNoteTest.testEmptyAddressErrorMessage()'><b>testEmptyAddressErrorMessage</b><br>Test class: selenium.com.testcases.GoodDeliveryNoteTest</td>
<td></td>
<td>0</td>
<td>selenium.com.testcases.GoodDeliveryNoteTest@71812481</td></tr>
<tr>
<td title='selenium.com.testcases.GoodDeliveryNoteTest.testCheckActualQuantityWithFloat()'><b>testCheckActualQuantityWithFloat</b><br>Test class: selenium.com.testcases.GoodDeliveryNoteTest</td>
<td></td>
<td>2</td>
<td>selenium.com.testcases.GoodDeliveryNoteTest@71812481</td></tr>
<tr>
<td title='selenium.com.testcases.GoodDeliveryNoteTest.testCheckActualQuantityLimit()'><b>testCheckActualQuantityLimit</b><br>Test class: selenium.com.testcases.GoodDeliveryNoteTest</td>
<td></td>
<td>0</td>
<td>selenium.com.testcases.GoodDeliveryNoteTest@71812481</td></tr>
</table><p>
</body>
</html>