<?xml version="1.0" encoding="UTF-8"?>
<!-- Generated by org.testng.reporters.JUnitXMLReporter -->
<testsuite ignored="0" hostname="Thuy" failures="2" tests="18" name="WarehouseAutomationTest" time="497.461" errors="0" timestamp="2024-12-08T16:15:06 ICT">
  <testcase classname="selenium.com.testcases.GoodDeliveryNoteTest" name="createTransactionSuccessfullyTest" time="0.601">
    <failure type="org.openqa.selenium.NoSuchElementException" message="Cannot locate option with index: 4
For documentation on this error, please visit: https://www.selenium.dev/documentation/webdriver/troubleshooting/errors#no-such-element-exception
Build info: version: &amp;apos;4.24.0&amp;apos;, revision: &amp;apos;748ffc9bc3&amp;apos;
System info: os.name: &amp;apos;Windows 11&amp;apos;, os.arch: &amp;apos;amd64&amp;apos;, os.version: &amp;apos;10.0&amp;apos;, java.version: &amp;apos;18.0.2.1&amp;apos;
Driver info: driver.version: unknown">
      <![CDATA[org.openqa.selenium.NoSuchElementException: Cannot locate option with index: 4
For documentation on this error, please visit: https://www.selenium.dev/documentation/webdriver/troubleshooting/errors#no-such-element-exception
Build info: version: '4.24.0', revision: '748ffc9bc3'
System info: os.name: 'Windows 11', os.arch: 'amd64', os.version: '10.0', java.version: '18.0.2.1'
Driver info: driver.version: unknown
at org.openqa.selenium.support.ui.Select.setSelectedByIndex(Select.java:303)
at org.openqa.selenium.support.ui.Select.selectByIndex(Select.java:179)
at selenium.com.pages.GoodDeliveryNotePage.fillTransactionForm(GoodDeliveryNotePage.java:150)
at selenium.com.testcases.GoodDeliveryNoteTest.createTransactionSuccessfullyTest(GoodDeliveryNoteTest.java:52)
at java.base/java.util.ArrayList.forEach(ArrayList.java:1511)
at com.intellij.rt.testng.IDEARemoteTestNG.run(IDEARemoteTestNG.java:65)
at com.intellij.rt.testng.RemoteTestNGStarter.main(RemoteTestNGStarter.java:105)
... Removed 22 stack frames]]>
    </failure>
  </testcase> <!-- createTransactionSuccessfullyTest -->
  <testcase classname="selenium.com.testcases.GoodDeliveryNoteTest" name="checkCancelCreateTransaction" time="10.777"/>
  <testcase classname="selenium.com.testcases.GoodDeliveryNoteTest" name="testEmptyAddressErrorMessage" time="0.582"/>
  <testcase classname="selenium.com.testcases.GoodDeliveryNoteTest" name="testValidAddress" time="0.902"/>
  <testcase classname="selenium.com.testcases.GoodDeliveryNoteTest" name="testTransactionRequestDisplay" time="0.425"/>
  <testcase classname="selenium.com.testcases.GoodDeliveryNoteTest" name="testTransactionRequestList" time="0.114"/>
  <testcase classname="selenium.com.testcases.GoodDeliveryNoteTest" name="testEmptyTransactionCodeError" time="21.192">
    <failure type="org.openqa.selenium.TimeoutException" message="Expected condition failed: waiting for visibility of Proxy element for: DefaultElementLocator &amp;apos;By.xpath: //p[@id=&amp;apos;error-transaction-request&amp;apos;]&amp;apos; (tried for 3 second(s) with 500 milliseconds interval)">
      <![CDATA[org.openqa.selenium.TimeoutException: Expected condition failed: waiting for visibility of Proxy element for: DefaultElementLocator 'By.xpath: //p[@id='error-transaction-request']' (tried for 3 second(s) with 500 milliseconds interval)
at org.openqa.selenium.support.ui.WebDriverWait.timeoutException(WebDriverWait.java:84)
at org.openqa.selenium.support.ui.FluentWait.until(FluentWait.java:228)
at selenium.com.pages.GoodDeliveryNotePage.waitForTransactionRequestError(GoodDeliveryNotePage.java:277)
at selenium.com.testcases.GoodDeliveryNoteTest.testEmptyTransactionCodeError(GoodDeliveryNoteTest.java:128)
at java.base/java.util.ArrayList.forEach(ArrayList.java:1511)
at com.intellij.rt.testng.IDEARemoteTestNG.run(IDEARemoteTestNG.java:65)
at com.intellij.rt.testng.RemoteTestNGStarter.main(RemoteTestNGStarter.java:105)
Caused by: org.openqa.selenium.NoSuchElementException: no such element: Unable to locate element: {"method":"xpath","selector":"//p[@id='error-transaction-request']"}
  (Session info: chrome=131.0.6778.109)
For documentation on this error, please visit: https://www.selenium.dev/documentation/webdriver/troubleshooting/errors#no-such-element-exception
Build info: version: '4.24.0', revision: '748ffc9bc3'
System info: os.name: 'Windows 11', os.arch: 'amd64', os.version: '10.0', java.version: '18.0.2.1'
Driver info: org.openqa.selenium.chrome.ChromeDriver
Command: [6d1d6ad241b009e6f608cb8226f10fe3, findElement {using=xpath, value=//p[@id='error-transaction-request']}]
Capabilities {acceptInsecureCerts: false, browserName: chrome, browserVersion: 131.0.6778.109, chrome: {chromedriverVersion: 131.0.6778.87 (ce31cae94873..., userDataDir: C:\Users\thith\AppData\Loca...}, fedcm:accounts: true, goog:chromeOptions: {debuggerAddress: localhost:56853}, networkConnectionEnabled: false, pageLoadStrategy: normal, platformName: windows, proxy: Proxy(), se:cdp: ws://localhost:56853/devtoo..., se:cdpVersion: 131.0.6778.109, setWindowRect: true, strictFileInteractability: false, timeouts: {implicit: 0, pageLoad: 300000, script: 30000}, unhandledPromptBehavior: dismiss and notify, webauthn:extension:credBlob: true, webauthn:extension:largeBlob: true, webauthn:extension:minPinLength: true, webauthn:extension:prf: true, webauthn:virtualAuthenticators: true}
Session ID: 6d1d6ad241b009e6f608cb8226f10fe3
at org.openqa.selenium.remote.ErrorCodec.decode(ErrorCodec.java:167)
at org.openqa.selenium.remote.codec.w3c.W3CHttpResponseCodec.decode(W3CHttpResponseCodec.java:138)
at org.openqa.selenium.remote.codec.w3c.W3CHttpResponseCodec.decode(W3CHttpResponseCodec.java:50)
at org.openqa.selenium.remote.HttpCommandExecutor.execute(HttpCommandExecutor.java:190)
at org.openqa.selenium.remote.service.DriverCommandExecutor.invokeExecute(DriverCommandExecutor.java:216)
at org.openqa.selenium.remote.service.DriverCommandExecutor.execute(DriverCommandExecutor.java:174)
at org.openqa.selenium.remote.RemoteWebDriver.execute(RemoteWebDriver.java:545)
at org.openqa.selenium.remote.ElementLocation$ElementFinder$2.findElement(ElementLocation.java:165)
at org.openqa.selenium.remote.ElementLocation.findElement(ElementLocation.java:59)
at org.openqa.selenium.remote.RemoteWebDriver.findElement(RemoteWebDriver.java:368)
at org.openqa.selenium.remote.RemoteWebDriver.findElement(RemoteWebDriver.java:362)
at org.openqa.selenium.support.pagefactory.DefaultElementLocator.findElement(DefaultElementLocator.java:68)
at org.openqa.selenium.support.pagefactory.internal.LocatingElementHandler.invoke(LocatingElementHandler.java:38)
at jdk.proxy2/jdk.proxy2.$Proxy30.isDisplayed(Unknown Source)
at org.openqa.selenium.support.ui.ExpectedConditions.elementIfVisible(ExpectedConditions.java:304)
at org.openqa.selenium.support.ui.ExpectedConditions$10.apply(ExpectedConditions.java:290)
at org.openqa.selenium.support.ui.ExpectedConditions$10.apply(ExpectedConditions.java:287)
at org.openqa.selenium.support.ui.FluentWait.until(FluentWait.java:203)
... 27 more
... Removed 25 stack frames]]>
    </failure>
  </testcase> <!-- testEmptyTransactionCodeError -->
  <testcase classname="selenium.com.testcases.GoodDeliveryNoteTest" name="testChangeTransactionRequest" time="0.607"/>
  <testcase classname="selenium.com.testcases.GoodDeliveryNoteTest" name="testTransactionRequestDefault" time="0.147"/>
  <testcase classname="selenium.com.testcases.GoodDeliveryNoteTest" name="testActualQuantityWithNegativeNumber" time="0.187"/>
  <testcase classname="selenium.com.testcases.GoodDeliveryNoteTest" name="testCheckActualQuantityIsOnlyNumericInput" time="0.212"/>
  <testcase classname="selenium.com.testcases.GoodDeliveryNoteTest" name="testCheckValidActualQuantity" time="0.542"/>
  <testcase classname="selenium.com.testcases.GoodDeliveryNoteTest" name="testCheckActualQuantityWithFloat" time="2.262"/>
  <testcase classname="selenium.com.testcases.GoodDeliveryNoteTest" name="testCheckActualQuantityLimit" time="0.529"/>
  <testcase classname="selenium.com.testcases.GoodDeliveryNoteTest" name="testAddRow" time="0.241"/>
  <testcase classname="selenium.com.testcases.GoodDeliveryNoteTest" name="testDeleteRow" time="10.689"/>
  <testcase classname="selenium.com.testcases.GoodDeliveryNoteTest" name="testCancelDeleteRow" time="10.664"/>
  <testcase classname="selenium.com.testcases.GoodDeliveryNoteTest" name="testNoteField" time="8.038"/>
</testsuite> <!-- WarehouseAutomationTest -->
