<!DOCTYPE html PUBLIC "-//W3C//DTD XHTML 1.1//EN" "https://www.w3.org/TR/xhtml11/DTD/xhtml11.dtd">
<html xmlns="https://www.w3.org/1999/xhtml">
<head>
<meta http-equiv="content-type" content="text/html; charset=UTF-8"/>
<title>TestNG Report</title>
<style type="text/css">table {margin-bottom:10px;border-collapse:collapse;empty-cells:show}th,td {border:1px solid #009;padding:.25em .5em}th {vertical-align:bottom}td {vertical-align:top}table a {font-weight:bold}.stripe td {background-color: #E6EBF9}.num {text-align:right}.passedodd td {background-color: #3F3}.passedeven td {background-color: #0A0}.skippedodd td {background-color: #DDD}.skippedeven td {background-color: #CCC}.failedodd td,.attn {background-color: #F33}.failedeven td,.stripe .attn {background-color: #D00}.stacktrace {white-space:pre;font-family:monospace}.totop {font-size:85%;text-align:center;border-bottom:2px solid #000}.invisible {display:none}</style>
</head>
<body>
<table>
<tr><th>Test</th><th># Passed</th><th># Skipped</th><th># Retried</th><th># Failed</th><th>Time (ms)</th><th>Included Groups</th><th>Excluded Groups</th></tr>
<tr><th colspan="8">Default Suite</th></tr>
<tr><td><a href="#t0">WarehouseAutomationTest</a></td><td class="num">16</td><td class="num">0</td><td class="num">0</td><td class="num attn">2</td><td class="num">497,461</td><td></td><td></td></tr>
</table>
<table id='summary'><thead><tr><th>Class</th><th>Method</th><th>Start</th><th>Time (ms)</th></tr></thead><tbody><tr><th colspan="4">Default Suite</th></tr></tbody><tbody id="t0"><tr><th colspan="4">WarehouseAutomationTest &#8212; failed</th></tr><tr class="failedeven"><td rowspan="2">selenium.com.testcases.GoodDeliveryNoteTest</td><td><a href="#m0">createTransactionSuccessfullyTest</a></td><td rowspan="1">1733648831155</td><td rowspan="1">601</td></tr><tr class="failedeven"><td><a href="#m1">testEmptyTransactionCodeError</a></td><td rowspan="1">1733648987122</td><td rowspan="1">21192</td></tr><tr><th colspan="4">WarehouseAutomationTest &#8212; passed</th></tr><tr class="passedeven"><td rowspan="16">selenium.com.testcases.GoodDeliveryNoteTest</td><td><a href="#m2">checkCancelCreateTransaction</a></td><td rowspan="1">1733648856098</td><td rowspan="1">10777</td></tr><tr class="passedeven"><td><a href="#m3">testActualQuantityWithNegativeNumber</a></td><td rowspan="1">1733649080151</td><td rowspan="1">187</td></tr><tr class="passedeven"><td><a href="#m4">testAddRow</a></td><td rowspan="1">1733649201765</td><td rowspan="1">241</td></tr><tr class="passedeven"><td><a href="#m5">testCancelDeleteRow</a></td><td rowspan="1">1733649259690</td><td rowspan="1">10664</td></tr><tr class="passedeven"><td><a href="#m6">testChangeTransactionRequest</a></td><td rowspan="1">1733649032340</td><td rowspan="1">607</td></tr><tr class="passedeven"><td><a href="#m7">testCheckActualQuantityIsOnlyNumericInput</a></td><td rowspan="1">1733649103962</td><td rowspan="1">212</td></tr><tr class="passedeven"><td><a href="#m8">testCheckActualQuantityLimit</a></td><td rowspan="1">1733649177478</td><td rowspan="1">529</td></tr><tr class="passedeven"><td><a href="#m9">testCheckActualQuantityWithFloat</a></td><td rowspan="1">1733649151824</td><td rowspan="1">2262</td></tr><tr class="passedeven"><td><a href="#m10">testCheckValidActualQuantity</a></td><td rowspan="1">1733649127683</td><td rowspan="1">542</td></tr><tr class="passedeven"><td><a href="#m11">testDeleteRow</a></td><td rowspan="1">1733649225397</td><td rowspan="1">10689</td></tr><tr class="passedeven"><td><a href="#m12">testEmptyAddressErrorMessage</a></td><td rowspan="1">1733648890596</td><td rowspan="1">582</td></tr><tr class="passedeven"><td><a href="#m13">testNoteField</a></td><td rowspan="1">1733649293698</td><td rowspan="1">8038</td></tr><tr class="passedeven"><td><a href="#m14">testTransactionRequestDefault</a></td><td rowspan="1">1733649056479</td><td rowspan="1">147</td></tr><tr class="passedeven"><td><a href="#m15">testTransactionRequestDisplay</a></td><td rowspan="1">1733648939312</td><td rowspan="1">425</td></tr><tr class="passedeven"><td><a href="#m16">testTransactionRequestList</a></td><td rowspan="1">1733648963481</td><td rowspan="1">114</td></tr><tr class="passedeven"><td><a href="#m17">testValidAddress</a></td><td rowspan="1">1733648914826</td><td rowspan="1">902</td></tr></tbody>
</table>
<h2>WarehouseAutomationTest</h2><h3 id="m0">selenium.com.testcases.GoodDeliveryNoteTest#createTransactionSuccessfullyTest</h3><table class="result"><tr class="param"><th>Parameter #1</th><th>Parameter #2</th><th>Parameter #3</th><th>Parameter #4</th><th>Parameter #5</th></tr><tr class="param stripe"><td>Lê Thanh Tú</td><td>97 Man Thiện</td><td>4</td><td>20</td><td>40</td></tr><tr><th colspan="5">Exception</th></tr><tr><td colspan="5"><div class="stacktrace">org.openqa.selenium.NoSuchElementException: Cannot locate option with index: 4
For documentation on this error, please visit: https://www.selenium.dev/documentation/webdriver/troubleshooting/errors#no-such-element-exception
Build info: version: &apos;4.24.0&apos;, revision: &apos;748ffc9bc3&apos;
System info: os.name: &apos;Windows 11&apos;, os.arch: &apos;amd64&apos;, os.version: &apos;10.0&apos;, java.version: &apos;18.0.2.1&apos;
Driver info: driver.version: unknown
	at org.openqa.selenium.support.ui.Select.setSelectedByIndex(Select.java:303)
	at org.openqa.selenium.support.ui.Select.selectByIndex(Select.java:179)
	at selenium.com.pages.GoodDeliveryNotePage.fillTransactionForm(GoodDeliveryNotePage.java:150)
	at selenium.com.testcases.GoodDeliveryNoteTest.createTransactionSuccessfullyTest(GoodDeliveryNoteTest.java:52)
	at java.base/java.util.ArrayList.forEach(ArrayList.java:1511)
	at com.intellij.rt.testng.IDEARemoteTestNG.run(IDEARemoteTestNG.java:65)
	at com.intellij.rt.testng.RemoteTestNGStarter.main(RemoteTestNGStarter.java:105)
... Removed 22 stack frames</div></td></tr></table><p class="totop"><a href="#summary">back to summary</a></p>
<h3 id="m1">selenium.com.testcases.GoodDeliveryNoteTest#testEmptyTransactionCodeError</h3><table class="result"><tr><th>Exception</th></tr><tr><td><div class="stacktrace">org.openqa.selenium.TimeoutException: Expected condition failed: waiting for visibility of Proxy element for: DefaultElementLocator &apos;By.xpath: //p[@id=&apos;error-transaction-request&apos;]&apos; (tried for 3 second(s) with 500 milliseconds interval)
	at org.openqa.selenium.support.ui.WebDriverWait.timeoutException(WebDriverWait.java:84)
	at org.openqa.selenium.support.ui.FluentWait.until(FluentWait.java:228)
	at selenium.com.pages.GoodDeliveryNotePage.waitForTransactionRequestError(GoodDeliveryNotePage.java:277)
	at selenium.com.testcases.GoodDeliveryNoteTest.testEmptyTransactionCodeError(GoodDeliveryNoteTest.java:128)
	at java.base/java.util.ArrayList.forEach(ArrayList.java:1511)
	at com.intellij.rt.testng.IDEARemoteTestNG.run(IDEARemoteTestNG.java:65)
	at com.intellij.rt.testng.RemoteTestNGStarter.main(RemoteTestNGStarter.java:105)
Caused by: org.openqa.selenium.NoSuchElementException: no such element: Unable to locate element: {&quot;method&quot;:&quot;xpath&quot;,&quot;selector&quot;:&quot;//p[@id=&apos;error-transaction-request&apos;]&quot;}
  (Session info: chrome=131.0.6778.109)
For documentation on this error, please visit: https://www.selenium.dev/documentation/webdriver/troubleshooting/errors#no-such-element-exception
Build info: version: &apos;4.24.0&apos;, revision: &apos;748ffc9bc3&apos;
System info: os.name: &apos;Windows 11&apos;, os.arch: &apos;amd64&apos;, os.version: &apos;10.0&apos;, java.version: &apos;18.0.2.1&apos;
Driver info: org.openqa.selenium.chrome.ChromeDriver
Command: [6d1d6ad241b009e6f608cb8226f10fe3, findElement {using=xpath, value=//p[@id=&apos;error-transaction-request&apos;]}]
Capabilities {acceptInsecureCerts: false, browserName: chrome, browserVersion: 131.0.6778.109, chrome: {chromedriverVersion: 131.0.6778.87 (ce31cae94873..., userDataDir: C:\Users\thith\AppData\Loca...}, fedcm:accounts: true, goog:chromeOptions: {debuggerAddress: localhost:56853}, networkConnectionEnabled: false, pageLoadStrategy: normal, platformName: windows, proxy: Proxy(), se:cdp: ws://localhost:56853/devtoo..., se:cdpVersion: 131.0.6778.109, setWindowRect: true, strictFileInteractability: false, timeouts: {implicit: 0, pageLoad: 300000, script: 30000}, unhandledPromptBehavior: dismiss and notify, webauthn:extension:credBlob: true, webauthn:extension:largeBlob: true, webauthn:extension:minPinLength: true, webauthn:extension:prf: true, webauthn:virtualAuthenticators: true}
Session ID: 6d1d6ad241b009e6f608cb8226f10fe3
	at org.openqa.selenium.remote.ErrorCodec.decode(ErrorCodec.java:167)
	at org.openqa.selenium.remote.codec.w3c.W3CHttpResponseCodec.decode(W3CHttpResponseCodec.java:138)
	at org.openqa.selenium.remote.codec.w3c.W3CHttpResponseCodec.decode(W3CHttpResponseCodec.java:50)
	at org.openqa.selenium.remote.HttpCommandExecutor.execute(HttpCommandExecutor.java:190)
	at org.openqa.selenium.remote.service.DriverCommandExecutor.invokeExecute(DriverCommandExecutor.java:216)
	at org.openqa.selenium.remote.service.DriverCommandExecutor.execute(DriverCommandExecutor.java:174)
	at org.openqa.selenium.remote.RemoteWebDriver.execute(RemoteWebDriver.java:545)
	at org.openqa.selenium.remote.ElementLocation$ElementFinder$2.findElement(ElementLocation.java:165)
	at org.openqa.selenium.remote.ElementLocation.findElement(ElementLocation.java:59)
	at org.openqa.selenium.remote.RemoteWebDriver.findElement(RemoteWebDriver.java:368)
	at org.openqa.selenium.remote.RemoteWebDriver.findElement(RemoteWebDriver.java:362)
	at org.openqa.selenium.support.pagefactory.DefaultElementLocator.findElement(DefaultElementLocator.java:68)
	at org.openqa.selenium.support.pagefactory.internal.LocatingElementHandler.invoke(LocatingElementHandler.java:38)
	at jdk.proxy2/jdk.proxy2.$Proxy30.isDisplayed(Unknown Source)
	at org.openqa.selenium.support.ui.ExpectedConditions.elementIfVisible(ExpectedConditions.java:304)
	at org.openqa.selenium.support.ui.ExpectedConditions$10.apply(ExpectedConditions.java:290)
	at org.openqa.selenium.support.ui.ExpectedConditions$10.apply(ExpectedConditions.java:287)
	at org.openqa.selenium.support.ui.FluentWait.until(FluentWait.java:203)
	... 27 more
... Removed 25 stack frames</div></td></tr></table><p class="totop"><a href="#summary">back to summary</a></p>
<h3 id="m2">selenium.com.testcases.GoodDeliveryNoteTest#checkCancelCreateTransaction</h3><table class="result"><tr><th class="invisible"/></tr></table><p class="totop"><a href="#summary">back to summary</a></p>
<h3 id="m3">selenium.com.testcases.GoodDeliveryNoteTest#testActualQuantityWithNegativeNumber</h3><table class="result"><tr><th class="invisible"/></tr></table><p class="totop"><a href="#summary">back to summary</a></p>
<h3 id="m4">selenium.com.testcases.GoodDeliveryNoteTest#testAddRow</h3><table class="result"><tr><th class="invisible"/></tr></table><p class="totop"><a href="#summary">back to summary</a></p>
<h3 id="m5">selenium.com.testcases.GoodDeliveryNoteTest#testCancelDeleteRow</h3><table class="result"><tr><th class="invisible"/></tr></table><p class="totop"><a href="#summary">back to summary</a></p>
<h3 id="m6">selenium.com.testcases.GoodDeliveryNoteTest#testChangeTransactionRequest</h3><table class="result"><tr><th class="invisible"/></tr></table><p class="totop"><a href="#summary">back to summary</a></p>
<h3 id="m7">selenium.com.testcases.GoodDeliveryNoteTest#testCheckActualQuantityIsOnlyNumericInput</h3><table class="result"><tr><th class="invisible"/></tr></table><p class="totop"><a href="#summary">back to summary</a></p>
<h3 id="m8">selenium.com.testcases.GoodDeliveryNoteTest#testCheckActualQuantityLimit</h3><table class="result"><tr><th class="invisible"/></tr></table><p class="totop"><a href="#summary">back to summary</a></p>
<h3 id="m9">selenium.com.testcases.GoodDeliveryNoteTest#testCheckActualQuantityWithFloat</h3><table class="result"><tr><th class="invisible"/></tr></table><p class="totop"><a href="#summary">back to summary</a></p>
<h3 id="m10">selenium.com.testcases.GoodDeliveryNoteTest#testCheckValidActualQuantity</h3><table class="result"><tr><th class="invisible"/></tr></table><p class="totop"><a href="#summary">back to summary</a></p>
<h3 id="m11">selenium.com.testcases.GoodDeliveryNoteTest#testDeleteRow</h3><table class="result"><tr><th class="invisible"/></tr></table><p class="totop"><a href="#summary">back to summary</a></p>
<h3 id="m12">selenium.com.testcases.GoodDeliveryNoteTest#testEmptyAddressErrorMessage</h3><table class="result"><tr><th class="invisible"/></tr></table><p class="totop"><a href="#summary">back to summary</a></p>
<h3 id="m13">selenium.com.testcases.GoodDeliveryNoteTest#testNoteField</h3><table class="result"><tr><th class="invisible"/></tr></table><p class="totop"><a href="#summary">back to summary</a></p>
<h3 id="m14">selenium.com.testcases.GoodDeliveryNoteTest#testTransactionRequestDefault</h3><table class="result"><tr><th class="invisible"/></tr></table><p class="totop"><a href="#summary">back to summary</a></p>
<h3 id="m15">selenium.com.testcases.GoodDeliveryNoteTest#testTransactionRequestDisplay</h3><table class="result"><tr><th class="invisible"/></tr></table><p class="totop"><a href="#summary">back to summary</a></p>
<h3 id="m16">selenium.com.testcases.GoodDeliveryNoteTest#testTransactionRequestList</h3><table class="result"><tr><th class="invisible"/></tr></table><p class="totop"><a href="#summary">back to summary</a></p>
<h3 id="m17">selenium.com.testcases.GoodDeliveryNoteTest#testValidAddress</h3><table class="result"><tr><th class="invisible"/></tr></table><p class="totop"><a href="#summary">back to summary</a></p>
</body>
</html>
