<?xml version="1.0" encoding="UTF-8"?>
<!-- Generated by org.testng.reporters.JUnitReportReporter -->
<testsuite hostname="Thuy" failures="1" tests="9" name="selenium.com.testcases.LogTest" time="225.700" errors="1" timestamp="2024-12-08T14:16:11 ICT" skipped="0">
  <testcase classname="selenium.com.testcases.LogTest" name="checkBeginningAmount" time="27.071"/>
  <testcase classname="selenium.com.testcases.LogTest" name="checkImportingAmount" time="26.347"/>
  <testcase classname="selenium.com.testcases.LogTest" name="checkEndAmount" time="26.454"/>
  <testcase classname="selenium.com.testcases.LogTest" name="checkEndQuantity" time="27.171"/>
  <testcase classname="selenium.com.testcases.LogTest" name="checkInventoryBookConsistency" time="27.172">
    <failure message="Có lỗi trong dữ liệu:
Sai sót ở sản phẩm mã 9: , Ngày :08/11/2024, số phiếu nhập : PX24000001 Tồn đầu kỳ = 50, Tồn cuối kỳ trước đó = 85
Sai sót ở sản phẩm mã 13: , Ngày :08/11/2024, số phiếu nhập : PX24000001 Tồn đầu kỳ = 50, Tồn cuối kỳ trước đó = 75
Sai sót ở sản phẩm mã 12: , Ngày :08/11/2024, số phiếu nhập : PX24000001 Tồn đầu kỳ = 38, Tồn cuối kỳ trước đó = 80
Sai sót ở sản phẩm mã 10: , Ngày :08/12/2024, số phiếu nhập : PX24000002 Tồn đầu kỳ = 80, Tồn cuối kỳ trước đó = 90
Sai sót ở sản phẩm mã 13: , Ngày :08/12/2024, số phiếu nhập : PN24000003 Tồn đầu kỳ = 30, Tồn cuối kỳ trước đó = 50
Sai sót ở sản phẩm mã 12: , Ngày :08/12/2024, số phiếu nhập : PN24000003 Tồn đầu kỳ = 20, Tồn cuối kỳ trước đó = 38
Sai sót ở sản phẩm mã 10: , Ngày :08/12/2024, số phiếu nhập : PN24000004 Tồn đầu kỳ = 50, Tồn cuối kỳ trước đó = 80" type="java.lang.AssertionError">
      <![CDATA[java.lang.AssertionError: Có lỗi trong dữ liệu:
Sai sót ở sản phẩm mã 9: , Ngày :08/11/2024, số phiếu nhập : PX24000001 Tồn đầu kỳ = 50, Tồn cuối kỳ trước đó = 85
Sai sót ở sản phẩm mã 13: , Ngày :08/11/2024, số phiếu nhập : PX24000001 Tồn đầu kỳ = 50, Tồn cuối kỳ trước đó = 75
Sai sót ở sản phẩm mã 12: , Ngày :08/11/2024, số phiếu nhập : PX24000001 Tồn đầu kỳ = 38, Tồn cuối kỳ trước đó = 80
Sai sót ở sản phẩm mã 10: , Ngày :08/12/2024, số phiếu nhập : PX24000002 Tồn đầu kỳ = 80, Tồn cuối kỳ trước đó = 90
Sai sót ở sản phẩm mã 13: , Ngày :08/12/2024, số phiếu nhập : PN24000003 Tồn đầu kỳ = 30, Tồn cuối kỳ trước đó = 50
Sai sót ở sản phẩm mã 12: , Ngày :08/12/2024, số phiếu nhập : PN24000003 Tồn đầu kỳ = 20, Tồn cuối kỳ trước đó = 38
Sai sót ở sản phẩm mã 10: , Ngày :08/12/2024, số phiếu nhập : PN24000004 Tồn đầu kỳ = 50, Tồn cuối kỳ trước đó = 80
at org.testng.Assert.fail(Assert.java:111)
at selenium.com.testcases.LogTest.checkInventoryBookConsistency(LogTest.java:95)
at java.base/jdk.internal.reflect.DirectMethodHandleAccessor.invoke(DirectMethodHandleAccessor.java:104)
at java.base/java.lang.reflect.Method.invoke(Method.java:577)
at org.testng.internal.invokers.MethodInvocationHelper.invokeMethod(MethodInvocationHelper.java:141)
at org.testng.internal.invokers.TestInvoker.invokeMethod(TestInvoker.java:686)
at org.testng.internal.invokers.TestInvoker.invokeTestMethod(TestInvoker.java:230)
at org.testng.internal.invokers.MethodRunner.runInSequence(MethodRunner.java:63)
at org.testng.internal.invokers.TestInvoker$MethodInvocationAgent.invoke(TestInvoker.java:992)
at org.testng.internal.invokers.TestInvoker.invokeTestMethods(TestInvoker.java:203)
at org.testng.internal.invokers.TestMethodWorker.invokeTestMethods(TestMethodWorker.java:154)
at org.testng.internal.invokers.TestMethodWorker.run(TestMethodWorker.java:134)
at java.base/java.util.ArrayList.forEach(ArrayList.java:1511)
at org.testng.TestRunner.privateRun(TestRunner.java:739)
at org.testng.TestRunner.run(TestRunner.java:614)
at org.testng.SuiteRunner.runTest(SuiteRunner.java:421)
at org.testng.SuiteRunner.runSequentially(SuiteRunner.java:413)
at org.testng.SuiteRunner.privateRun(SuiteRunner.java:373)
at org.testng.SuiteRunner.run(SuiteRunner.java:312)
at org.testng.SuiteRunnerWorker.runSuite(SuiteRunnerWorker.java:52)
at org.testng.SuiteRunnerWorker.run(SuiteRunnerWorker.java:95)
at org.testng.TestNG.runSuitesSequentially(TestNG.java:1274)
at org.testng.TestNG.runSuitesLocally(TestNG.java:1208)
at org.testng.TestNG.runSuites(TestNG.java:1112)
at org.testng.TestNG.run(TestNG.java:1079)
at com.intellij.rt.testng.IDEARemoteTestNG.run(IDEARemoteTestNG.java:65)
at com.intellij.rt.testng.RemoteTestNGStarter.main(RemoteTestNGStarter.java:105)
]]>
    </failure>
  </testcase> <!-- checkInventoryBookConsistency -->
  <testcase classname="selenium.com.testcases.LogTest" name="testStartCalendar" time="20.456"/>
  <testcase classname="selenium.com.testcases.LogTest" name="testEndCalendar" time="20.377"/>
  <testcase classname="selenium.com.testcases.LogTest" name="testFilterByDate" time="20.787"/>
  <testcase classname="selenium.com.testcases.LogTest" name="checkDownloadedExcelFile" time="29.865">
    <error message="no such element: Unable to locate element: {&quot;method&quot;:&quot;xpath&quot;,&quot;selector&quot;:&quot;//button[@id=&#039;btn-export-excel&#039;]&quot;}
  (Session info: chrome=131.0.6778.109)
For documentation on this error, please visit: https://www.selenium.dev/documentation/webdriver/troubleshooting/errors#no-such-element-exception
Build info: version: &#039;4.24.0&#039;, revision: &#039;748ffc9bc3&#039;
System info: os.name: &#039;Windows 11&#039;, os.arch: &#039;amd64&#039;, os.version: &#039;10.0&#039;, java.version: &#039;18.0.2.1&#039;
Driver info: org.openqa.selenium.chrome.ChromeDriver
Command: [606bac5456ba99b96cbdd6f1f4b55d7d, findElement {value=//button[@id=&#039;btn-export-excel&#039;], using=xpath}]
Capabilities {acceptInsecureCerts: false, browserName: chrome, browserVersion: 131.0.6778.109, chrome: {chromedriverVersion: 131.0.6778.87 (ce31cae94873..., userDataDir: C:\Users\thith\AppData\Loca...}, fedcm:accounts: true, goog:chromeOptions: {debuggerAddress: localhost:64202}, networkConnectionEnabled: false, pageLoadStrategy: normal, platformName: windows, proxy: Proxy(), se:cdp: ws://localhost:64202/devtoo..., se:cdpVersion: 131.0.6778.109, setWindowRect: true, strictFileInteractability: false, timeouts: {implicit: 0, pageLoad: 300000, script: 30000}, unhandledPromptBehavior: dismiss and notify, webauthn:extension:credBlob: true, webauthn:extension:largeBlob: true, webauthn:extension:minPinLength: true, webauthn:extension:prf: true, webauthn:virtualAuthenticators: true}
Session ID: 606bac5456ba99b96cbdd6f1f4b55d7d" type="org.openqa.selenium.NoSuchElementException">
      <![CDATA[org.openqa.selenium.NoSuchElementException: no such element: Unable to locate element: {"method":"xpath","selector":"//button[@id='btn-export-excel']"}
  (Session info: chrome=131.0.6778.109)
For documentation on this error, please visit: https://www.selenium.dev/documentation/webdriver/troubleshooting/errors#no-such-element-exception
Build info: version: '4.24.0', revision: '748ffc9bc3'
System info: os.name: 'Windows 11', os.arch: 'amd64', os.version: '10.0', java.version: '18.0.2.1'
Driver info: org.openqa.selenium.chrome.ChromeDriver
Command: [606bac5456ba99b96cbdd6f1f4b55d7d, findElement {value=//button[@id='btn-export-excel'], using=xpath}]
Capabilities {acceptInsecureCerts: false, browserName: chrome, browserVersion: 131.0.6778.109, chrome: {chromedriverVersion: 131.0.6778.87 (ce31cae94873..., userDataDir: C:\Users\thith\AppData\Loca...}, fedcm:accounts: true, goog:chromeOptions: {debuggerAddress: localhost:64202}, networkConnectionEnabled: false, pageLoadStrategy: normal, platformName: windows, proxy: Proxy(), se:cdp: ws://localhost:64202/devtoo..., se:cdpVersion: 131.0.6778.109, setWindowRect: true, strictFileInteractability: false, timeouts: {implicit: 0, pageLoad: 300000, script: 30000}, unhandledPromptBehavior: dismiss and notify, webauthn:extension:credBlob: true, webauthn:extension:largeBlob: true, webauthn:extension:minPinLength: true, webauthn:extension:prf: true, webauthn:virtualAuthenticators: true}
Session ID: 606bac5456ba99b96cbdd6f1f4b55d7d
at java.base/jdk.internal.reflect.DirectConstructorHandleAccessor.newInstance(DirectConstructorHandleAccessor.java:67)
at java.base/java.lang.reflect.Constructor.newInstanceWithCaller(Constructor.java:499)
at java.base/java.lang.reflect.Constructor.newInstance(Constructor.java:483)
at org.openqa.selenium.remote.ErrorCodec.decode(ErrorCodec.java:167)
at org.openqa.selenium.remote.codec.w3c.W3CHttpResponseCodec.decode(W3CHttpResponseCodec.java:138)
at org.openqa.selenium.remote.codec.w3c.W3CHttpResponseCodec.decode(W3CHttpResponseCodec.java:50)
at org.openqa.selenium.remote.HttpCommandExecutor.execute(HttpCommandExecutor.java:190)
at org.openqa.selenium.remote.service.DriverCommandExecutor.invokeExecute(DriverCommandExecutor.java:216)
at org.openqa.selenium.remote.service.DriverCommandExecutor.execute(DriverCommandExecutor.java:174)
at org.openqa.selenium.remote.RemoteWebDriver.execute(RemoteWebDriver.java:545)
at org.openqa.selenium.remote.ElementLocation$ElementFinder$2.findElement(ElementLocation.java:165)
at org.openqa.selenium.remote.ElementLocation.findElement(ElementLocation.java:59)
at org.openqa.selenium.remote.RemoteWebDriver.findElement(RemoteWebDriver.java:368)
at org.openqa.selenium.remote.RemoteWebDriver.findElement(RemoteWebDriver.java:362)
at org.openqa.selenium.support.pagefactory.DefaultElementLocator.findElement(DefaultElementLocator.java:68)
at org.openqa.selenium.support.pagefactory.internal.LocatingElementHandler.invoke(LocatingElementHandler.java:38)
at jdk.proxy2/jdk.proxy2.$Proxy30.click(Unknown Source)
at selenium.com.pages.LogPage.clickExportExcelBtn(LogPage.java:127)
at selenium.com.testcases.LogTest.checkDownloadedExcelFile(LogTest.java:136)
at java.base/jdk.internal.reflect.DirectMethodHandleAccessor.invoke(DirectMethodHandleAccessor.java:104)
at java.base/java.lang.reflect.Method.invoke(Method.java:577)
at org.testng.internal.invokers.MethodInvocationHelper.invokeMethod(MethodInvocationHelper.java:141)
at org.testng.internal.invokers.TestInvoker.invokeMethod(TestInvoker.java:686)
at org.testng.internal.invokers.TestInvoker.invokeTestMethod(TestInvoker.java:230)
at org.testng.internal.invokers.MethodRunner.runInSequence(MethodRunner.java:63)
at org.testng.internal.invokers.TestInvoker$MethodInvocationAgent.invoke(TestInvoker.java:992)
at org.testng.internal.invokers.TestInvoker.invokeTestMethods(TestInvoker.java:203)
at org.testng.internal.invokers.TestMethodWorker.invokeTestMethods(TestMethodWorker.java:154)
at org.testng.internal.invokers.TestMethodWorker.run(TestMethodWorker.java:134)
at java.base/java.util.ArrayList.forEach(ArrayList.java:1511)
at org.testng.TestRunner.privateRun(TestRunner.java:739)
at org.testng.TestRunner.run(TestRunner.java:614)
at org.testng.SuiteRunner.runTest(SuiteRunner.java:421)
at org.testng.SuiteRunner.runSequentially(SuiteRunner.java:413)
at org.testng.SuiteRunner.privateRun(SuiteRunner.java:373)
at org.testng.SuiteRunner.run(SuiteRunner.java:312)
at org.testng.SuiteRunnerWorker.runSuite(SuiteRunnerWorker.java:52)
at org.testng.SuiteRunnerWorker.run(SuiteRunnerWorker.java:95)
at org.testng.TestNG.runSuitesSequentially(TestNG.java:1274)
at org.testng.TestNG.runSuitesLocally(TestNG.java:1208)
at org.testng.TestNG.runSuites(TestNG.java:1112)
at org.testng.TestNG.run(TestNG.java:1079)
at com.intellij.rt.testng.IDEARemoteTestNG.run(IDEARemoteTestNG.java:65)
at com.intellij.rt.testng.RemoteTestNGStarter.main(RemoteTestNGStarter.java:105)
]]>
    </error>
  </testcase> <!-- checkDownloadedExcelFile -->
</testsuite> <!-- selenium.com.testcases.LogTest -->
