<?xml version="1.0" encoding="UTF-8"?>
<!-- Generated by org.testng.reporters.JUnitReportReporter -->
<testsuite hostname="Thuy" failures="1" tests="5" name="selenium.com.testcases.InventoryReportTest" time="125.260" errors="0" timestamp="2024-12-08T13:38:07 ICT" skipped="0">
  <testcase classname="selenium.com.testcases.InventoryReportTest" name="testStartCalendar" time="23.675"/>
  <testcase classname="selenium.com.testcases.InventoryReportTest" name="testEndCalendar" time="25.767"/>
  <testcase classname="selenium.com.testcases.InventoryReportTest" name="testDownloadedExcelFile" time="26.947"/>
  <testcase classname="selenium.com.testcases.InventoryReportTest" name="testEndQuantity" time="24.056">
    <failure message="Có lỗi trong dữ liệu:
Dữ liệu không hợp lệ ở dòng 1: For input string: &quot;Dạy trẻ quản lý và tiêu tiền&quot;
Dữ liệu không hợp lệ ở dòng 2: For input string: &quot;Bong bóng trên trời&quot;" type="java.lang.AssertionError">
      <![CDATA[java.lang.AssertionError: Có lỗi trong dữ liệu:
Dữ liệu không hợp lệ ở dòng 1: For input string: "Dạy trẻ quản lý và tiêu tiền"
Dữ liệu không hợp lệ ở dòng 2: For input string: "Bong bóng trên trời"
at org.testng.Assert.fail(Assert.java:111)
at selenium.com.testcases.InventoryReportTest.testEndQuantity(InventoryReportTest.java:85)
at java.base/jdk.internal.reflect.DirectMethodHandleAccessor.invoke(DirectMethodHandleAccessor.java:104)
at java.base/java.lang.reflect.Method.invoke(Method.java:577)
at org.testng.internal.invokers.MethodInvocationHelper.invokeMethod(MethodInvocationHelper.java:141)
at org.testng.internal.invokers.TestInvoker.invokeMethod(TestInvoker.java:686)
at org.testng.internal.invokers.TestInvoker.invokeTestMethod(TestInvoker.java:230)
at org.testng.internal.invokers.MethodRunner.runInSequence(MethodRunner.java:63)
at org.testng.internal.invokers.TestInvoker$MethodInvocationAgent.invoke(TestInvoker.java:992)
at org.testng.internal.invokers.TestInvoker.invokeTestMethods(TestInvoker.java:203)
at org.testng.internal.invokers.TestMethodWorker.invokeTestMethods(TestMethodWorker.java:154)
at org.testng.internal.invokers.TestMethodWorker.run(TestMethodWorker.java:134)
at java.base/java.util.ArrayList.forEach(ArrayList.java:1511)
at org.testng.TestRunner.privateRun(TestRunner.java:739)
at org.testng.TestRunner.run(TestRunner.java:614)
at org.testng.SuiteRunner.runTest(SuiteRunner.java:421)
at org.testng.SuiteRunner.runSequentially(SuiteRunner.java:413)
at org.testng.SuiteRunner.privateRun(SuiteRunner.java:373)
at org.testng.SuiteRunner.run(SuiteRunner.java:312)
at org.testng.SuiteRunnerWorker.runSuite(SuiteRunnerWorker.java:52)
at org.testng.SuiteRunnerWorker.run(SuiteRunnerWorker.java:95)
at org.testng.TestNG.runSuitesSequentially(TestNG.java:1274)
at org.testng.TestNG.runSuitesLocally(TestNG.java:1208)
at org.testng.TestNG.runSuites(TestNG.java:1112)
at org.testng.TestNG.run(TestNG.java:1079)
at com.intellij.rt.testng.IDEARemoteTestNG.run(IDEARemoteTestNG.java:65)
at com.intellij.rt.testng.RemoteTestNGStarter.main(RemoteTestNGStarter.java:105)
]]>
    </failure>
  </testcase> <!-- testEndQuantity -->
  <testcase classname="selenium.com.testcases.InventoryReportTest" name="testEndAmount" time="24.815"/>
</testsuite> <!-- selenium.com.testcases.InventoryReportTest -->
