<?xml version="1.0" encoding="UTF-8"?>
<!-- Generated by org.testng.reporters.JUnitReportReporter -->
<testsuite hostname="Thuy" failures="0" tests="35" name="selenium.com.testcases.GoodReceivedNoteTest" time="883.994" errors="1" timestamp="2024-12-08T15:14:24 ICT" skipped="0">
  <testcase classname="selenium.com.testcases.GoodReceivedNoteTest" name="createTransactionSuccessfullyTest" time="45.496">
    <error message="Expected condition failed: waiting for visibility of Proxy element for: DefaultElementLocator &#039;By.xpath: //body[1]/div[2]/div[3]/div[1]/div[1]/div[1]/form[1]/div[1]/table[1]/tbody[1]/tr[2]/td[5]/div[1]/div[1]/input[1]&#039; (tried for 10 second(s) with 500 milliseconds interval)" type="org.openqa.selenium.TimeoutException">
      <![CDATA[org.openqa.selenium.TimeoutException: Expected condition failed: waiting for visibility of Proxy element for: DefaultElementLocator 'By.xpath: //body[1]/div[2]/div[3]/div[1]/div[1]/div[1]/form[1]/div[1]/table[1]/tbody[1]/tr[2]/td[5]/div[1]/div[1]/input[1]' (tried for 10 second(s) with 500 milliseconds interval)
at org.openqa.selenium.support.ui.WebDriverWait.timeoutException(WebDriverWait.java:84)
at org.openqa.selenium.support.ui.FluentWait.until(FluentWait.java:228)
at selenium.com.pages.GoodReceivedNotePage.fillTransactionForm(GoodReceivedNotePage.java:175)
at selenium.com.testcases.GoodReceivedNoteTest.createTransactionSuccessfullyTest(GoodReceivedNoteTest.java:46)
at java.base/jdk.internal.reflect.DirectMethodHandleAccessor.invoke(DirectMethodHandleAccessor.java:104)
at java.base/java.lang.reflect.Method.invoke(Method.java:577)
at org.testng.internal.invokers.MethodInvocationHelper.invokeMethod(MethodInvocationHelper.java:141)
at org.testng.internal.invokers.TestInvoker.invokeMethod(TestInvoker.java:686)
at org.testng.internal.invokers.TestInvoker.invokeTestMethod(TestInvoker.java:230)
at org.testng.internal.invokers.MethodRunner.runInSequence(MethodRunner.java:63)
at org.testng.internal.invokers.TestInvoker$MethodInvocationAgent.invoke(TestInvoker.java:992)
at org.testng.internal.invokers.TestInvoker.invokeTestMethods(TestInvoker.java:203)
at org.testng.internal.invokers.TestMethodWorker.invokeTestMethods(TestMethodWorker.java:154)
at org.testng.internal.invokers.TestMethodWorker.run(TestMethodWorker.java:134)
at java.base/java.util.ArrayList.forEach(ArrayList.java:1511)
at org.testng.TestRunner.privateRun(TestRunner.java:739)
at org.testng.TestRunner.run(TestRunner.java:614)
at org.testng.SuiteRunner.runTest(SuiteRunner.java:421)
at org.testng.SuiteRunner.runSequentially(SuiteRunner.java:413)
at org.testng.SuiteRunner.privateRun(SuiteRunner.java:373)
at org.testng.SuiteRunner.run(SuiteRunner.java:312)
at org.testng.SuiteRunnerWorker.runSuite(SuiteRunnerWorker.java:52)
at org.testng.SuiteRunnerWorker.run(SuiteRunnerWorker.java:95)
at org.testng.TestNG.runSuitesSequentially(TestNG.java:1274)
at org.testng.TestNG.runSuitesLocally(TestNG.java:1208)
at org.testng.TestNG.runSuites(TestNG.java:1112)
at org.testng.TestNG.run(TestNG.java:1079)
at com.intellij.rt.testng.IDEARemoteTestNG.run(IDEARemoteTestNG.java:65)
at com.intellij.rt.testng.RemoteTestNGStarter.main(RemoteTestNGStarter.java:105)
Caused by: org.openqa.selenium.NoSuchElementException: no such element: Unable to locate element: {"method":"xpath","selector":"//body[1]/div[2]/div[3]/div[1]/div[1]/div[1]/form[1]/div[1]/table[1]/tbody[1]/tr[2]/td[5]/div[1]/div[1]/input[1]"}
  (Session info: chrome=131.0.6778.109)
For documentation on this error, please visit: https://www.selenium.dev/documentation/webdriver/troubleshooting/errors#no-such-element-exception
Build info: version: '4.24.0', revision: '748ffc9bc3'
System info: os.name: 'Windows 11', os.arch: 'amd64', os.version: '10.0', java.version: '18.0.2.1'
Driver info: org.openqa.selenium.chrome.ChromeDriver
Command: [2afb34f28f346a00917be880bdabc02d, findElement {value=//body[1]/div[2]/div[3]/div[1]/div[1]/div[1]/form[1]/div[1]/table[1]/tbody[1]/tr[2]/td[5]/div[1]/div[1]/input[1], using=xpath}]
Capabilities {acceptInsecureCerts: false, browserName: chrome, browserVersion: 131.0.6778.109, chrome: {chromedriverVersion: 131.0.6778.87 (ce31cae94873..., userDataDir: C:\Users\thith\AppData\Loca...}, fedcm:accounts: true, goog:chromeOptions: {debuggerAddress: localhost:50935}, networkConnectionEnabled: false, pageLoadStrategy: normal, platformName: windows, proxy: Proxy(), se:cdp: ws://localhost:50935/devtoo..., se:cdpVersion: 131.0.6778.109, setWindowRect: true, strictFileInteractability: false, timeouts: {implicit: 0, pageLoad: 300000, script: 30000}, unhandledPromptBehavior: dismiss and notify, webauthn:extension:credBlob: true, webauthn:extension:largeBlob: true, webauthn:extension:minPinLength: true, webauthn:extension:prf: true, webauthn:virtualAuthenticators: true}
Session ID: 2afb34f28f346a00917be880bdabc02d
at java.base/jdk.internal.reflect.DirectConstructorHandleAccessor.newInstance(DirectConstructorHandleAccessor.java:67)
at java.base/java.lang.reflect.Constructor.newInstanceWithCaller(Constructor.java:499)
at java.base/java.lang.reflect.Constructor.newInstance(Constructor.java:483)
at org.openqa.selenium.remote.ErrorCodec.decode(ErrorCodec.java:167)
at org.openqa.selenium.remote.codec.w3c.W3CHttpResponseCodec.decode(W3CHttpResponseCodec.java:138)
at org.openqa.selenium.remote.codec.w3c.W3CHttpResponseCodec.decode(W3CHttpResponseCodec.java:50)
at org.openqa.selenium.remote.HttpCommandExecutor.execute(HttpCommandExecutor.java:190)
at org.openqa.selenium.remote.service.DriverCommandExecutor.invokeExecute(DriverCommandExecutor.java:216)
at org.openqa.selenium.remote.service.DriverCommandExecutor.execute(DriverCommandExecutor.java:174)
at org.openqa.selenium.remote.RemoteWebDriver.execute(RemoteWebDriver.java:545)
at org.openqa.selenium.remote.ElementLocation$ElementFinder$2.findElement(ElementLocation.java:165)
at org.openqa.selenium.remote.ElementLocation.findElement(ElementLocation.java:59)
at org.openqa.selenium.remote.RemoteWebDriver.findElement(RemoteWebDriver.java:368)
at org.openqa.selenium.remote.RemoteWebDriver.findElement(RemoteWebDriver.java:362)
at org.openqa.selenium.support.pagefactory.DefaultElementLocator.findElement(DefaultElementLocator.java:68)
at org.openqa.selenium.support.pagefactory.internal.LocatingElementHandler.invoke(LocatingElementHandler.java:38)
at jdk.proxy2/jdk.proxy2.$Proxy30.isDisplayed(Unknown Source)
at org.openqa.selenium.support.ui.ExpectedConditions.elementIfVisible(ExpectedConditions.java:304)
at org.openqa.selenium.support.ui.ExpectedConditions$10.apply(ExpectedConditions.java:290)
at org.openqa.selenium.support.ui.ExpectedConditions$10.apply(ExpectedConditions.java:287)
at org.openqa.selenium.support.ui.FluentWait.until(FluentWait.java:203)
... 27 more
]]>
    </error>
  </testcase> <!-- createTransactionSuccessfullyTest -->
  <testcase classname="selenium.com.testcases.GoodReceivedNoteTest" name="checkCancelCreateTransaction" time="34.131"/>
  <testcase classname="selenium.com.testcases.GoodReceivedNoteTest" name="testSupplierList" time="23.427"/>
  <testcase classname="selenium.com.testcases.GoodReceivedNoteTest" name="testDisplaySupplier" time="23.525"/>
  <testcase classname="selenium.com.testcases.GoodReceivedNoteTest" name="testDeliveryPersonEmpty" time="23.481"/>
  <testcase classname="selenium.com.testcases.GoodReceivedNoteTest" name="testValidDeliveryPerson" time="23.936"/>
  <testcase classname="selenium.com.testcases.GoodReceivedNoteTest" name="testEmptySupplierErrorMessage" time="23.960"/>
  <testcase classname="selenium.com.testcases.GoodReceivedNoteTest" name="testEmptyBillCode" time="24.209"/>
  <testcase classname="selenium.com.testcases.GoodReceivedNoteTest" name="testValidBillCode" time="24.206"/>
  <testcase classname="selenium.com.testcases.GoodReceivedNoteTest" name="testEmptyAddressErrorMessage" time="24.309"/>
  <testcase classname="selenium.com.testcases.GoodReceivedNoteTest" name="testValidAddress" time="24.226"/>
  <testcase classname="selenium.com.testcases.GoodReceivedNoteTest" name="testTransactionRequestDisplay" time="23.704"/>
  <testcase classname="selenium.com.testcases.GoodReceivedNoteTest" name="testTransactionRequestList" time="23.362"/>
  <testcase classname="selenium.com.testcases.GoodReceivedNoteTest" name="testActualQuantityWithNegativeNumber" time="23.364"/>
  <testcase classname="selenium.com.testcases.GoodReceivedNoteTest" name="testCheckActualQuantityIsOnlyNumericInput" time="23.627"/>
  <testcase classname="selenium.com.testcases.GoodReceivedNoteTest" name="testCheckValidActualQuantity" time="23.668"/>
  <testcase classname="selenium.com.testcases.GoodReceivedNoteTest" name="testCheckActualQuantityWithFloat" time="25.250"/>
  <testcase classname="selenium.com.testcases.GoodReceivedNoteTest" name="testCheckActualQuantityLimit" time="23.756"/>
  <testcase classname="selenium.com.testcases.GoodReceivedNoteTest" name="testDeleteRow" time="34.048"/>
  <testcase classname="selenium.com.testcases.GoodReceivedNoteTest" name="testCancelDeleteRow" time="35.102"/>
  <testcase classname="selenium.com.testcases.GoodReceivedNoteTest" name="testAddRow" time="23.614"/>
  <testcase classname="selenium.com.testcases.GoodReceivedNoteTest" name="voidTestSupplierDefault" time="23.722"/>
  <testcase classname="selenium.com.testcases.GoodReceivedNoteTest" name="voidTestTransactionRequestDefault" time="23.347"/>
  <testcase classname="selenium.com.testcases.GoodReceivedNoteTest" name="voidTestChangeSupplier" time="23.898"/>
  <testcase classname="selenium.com.testcases.GoodReceivedNoteTest" name="testChangeTransactionRequest" time="23.558"/>
  <testcase classname="selenium.com.testcases.GoodReceivedNoteTest" name="testBookList" time="23.262"/>
  <testcase classname="selenium.com.testcases.GoodReceivedNoteTest" name="testBookDefault" time="23.357"/>
  <testcase classname="selenium.com.testcases.GoodReceivedNoteTest" name="testSelectedBook" time="23.585"/>
  <testcase classname="selenium.com.testcases.GoodReceivedNoteTest" name="testBookNameEmpty" time="23.497"/>
  <testcase classname="selenium.com.testcases.GoodReceivedNoteTest" name="testDoubleBookName" time="23.947"/>
  <testcase classname="selenium.com.testcases.GoodReceivedNoteTest" name="testChangeBook" time="23.726"/>
  <testcase classname="selenium.com.testcases.GoodReceivedNoteTest" name="testPriceEmpty" time="23.266"/>
  <testcase classname="selenium.com.testcases.GoodReceivedNoteTest" name="testCheckPriceIsOnlyNumericInput" time="23.475"/>
  <testcase classname="selenium.com.testcases.GoodReceivedNoteTest" name="testPriceWithNegativeNumber" time="23.300"/>
  <testcase classname="selenium.com.testcases.GoodReceivedNoteTest" name="testCheckPriceLimit" time="23.653"/>
</testsuite> <!-- selenium.com.testcases.GoodReceivedNoteTest -->
